<?xml version="1.0" encoding="UTF-8"?>
<!-- Generated by org.testng.reporters.JUnitReportReporter -->
<testsuite hostname="DESKTOP-D6PKVA2" failures="0" tests="1" name="API_First_MavenProject.API_First_MavenProject.getPostAPI" time="2.645" errors="0" timestamp="2021-05-15T19:40:12 IST" skipped="0">
  <testcase classname="API_First_MavenProject.API_First_MavenProject.getPostAPI" name="postAPI" time="2.645"/>
  <system-out/>
</testsuite> <!-- API_First_MavenProject.API_First_MavenProject.getPostAPI -->
