<?xml version="1.0" encoding="UTF-8"?>
<!-- Generated by org.testng.reporters.JUnitReportReporter -->
<testsuite hostname="DESKTOP-D6PKVA2" failures="0" tests="2" name="API_First_MavenProject.API_First_MavenProject.getAPI" time="3.226" errors="0" timestamp="2021-05-12T03:01:57 IST" skipped="0">
  <testcase classname="API_First_MavenProject.API_First_MavenProject.getAPI" name="getApi" time="2.270"/>
  <system-out/>
  <testcase classname="API_First_MavenProject.API_First_MavenProject.getAPI" name="getapi2" time="0.956"/>
  <system-out/>
</testsuite> <!-- API_First_MavenProject.API_First_MavenProject.getAPI -->
