<?xml version="1.0" encoding="UTF-8"?>
<!-- Generated by org.testng.reporters.JUnitReportReporter -->
<testsuite hostname="DESKTOP-D6PKVA2" failures="0" tests="1" name="API_First_MavenProject.API_First_MavenProject.soapAPIvalidation" time="4.220" errors="0" timestamp="2021-06-08T01:40:13 IST" skipped="0">
  <testcase classname="API_First_MavenProject.API_First_MavenProject.soapAPIvalidation" name="soapAPITest" time="4.220"/>
  <system-out/>
</testsuite> <!-- API_First_MavenProject.API_First_MavenProject.soapAPIvalidation -->
