<?xml version="1.0" encoding="UTF-8"?>
<!-- Generated by org.testng.reporters.JUnitReportReporter -->
<testsuite hostname="DESKTOP-D6PKVA2" failures="0" tests="2" name="API_First_MavenProject.API_First_MavenProject.putPatchPostAPI" time="2.800" errors="0" timestamp="2021-05-16T20:52:21 IST" skipped="0">
  <testcase classname="API_First_MavenProject.API_First_MavenProject.putPatchPostAPI" name="patchRequest" time="0.334"/>
  <system-out/>
  <testcase classname="API_First_MavenProject.API_First_MavenProject.putPatchPostAPI" name="deleteRequest" time="2.466"/>
  <system-out/>
</testsuite> <!-- API_First_MavenProject.API_First_MavenProject.putPatchPostAPI -->
