<?xml version="1.0" encoding="UTF-8"?>
<!-- Generated by org.testng.reporters.JUnitReportReporter -->
<testsuite hostname="DESKTOP-D6PKVA2" failures="0" tests="5" name="API_First_MavenProject.API_First_MavenProject.TestOnLocalRestAPI" time="2.250" errors="0" timestamp="2021-06-03T15:15:00 IST" skipped="0">
  <testcase classname="API_First_MavenProject.API_First_MavenProject.TestOnLocalRestAPI" name="getRequest" time="2.053"/>
  <system-out/>
  <testcase classname="API_First_MavenProject.API_First_MavenProject.TestOnLocalRestAPI" name="postRequest" time="0.074"/>
  <system-out/>
  <testcase classname="API_First_MavenProject.API_First_MavenProject.TestOnLocalRestAPI" name="putRequest" time="0.060"/>
  <system-out/>
  <testcase classname="API_First_MavenProject.API_First_MavenProject.TestOnLocalRestAPI" name="patchRequest" time="0.032"/>
  <system-out/>
  <testcase classname="API_First_MavenProject.API_First_MavenProject.TestOnLocalRestAPI" name="deleteRequest" time="0.031"/>
  <system-out/>
</testsuite> <!-- API_First_MavenProject.API_First_MavenProject.TestOnLocalRestAPI -->
